Compiling the C compiler identification source file "CMakeCCompilerId.c" failed.
Compiler: C:/Users/aurok/AppData/Local/Android/Sdk/ndk/22.0.7026061/toolchains/llvm/prebuilt/windows-x86_64/bin/clang.exe 
Build flags: -g;-DANDROID;-fdata-sections;-ffunction-sections;-funwind-tables;-fstack-protector-strong;-no-canonical-prefixes;-mstackrealign;-D_FORTIFY_SOURCE=2;-Wformat;-Werror=format-security;
Id flags:  

The output was:
1
lld-link: error: C:\MinGW\lib\crt2.o: machine type x86 conflicts with x64
lld-link: error: C:\MinGW\lib\gcc\mingw32\9.2.0\crtbegin.o: machine type x86 conflicts with x64
lld-link: error: C:\MinGW\lib\gcc\mingw32\9.2.0\crtend.o: machine type x86 conflicts with x64
lld-link: error: libmingw32.a(CRTglob.o): machine type x86 conflicts with x64
lld-link: error: libmingw32.a(setargv.o): machine type x86 conflicts with x64
lld-link: error: libmingw32.a(CRTfmode.o): machine type x86 conflicts with x64
lld-link: error: libmingw32.a(cpu_features.o): machine type x86 conflicts with x64
lld-link: error: libmingw32.a(CRT_fp10.o): machine type x86 conflicts with x64
lld-link: error: libmingw32.a(txtmode.o): machine type x86 conflicts with x64
lld-link: error: libmingw32.a(main.o): machine type x86 conflicts with x64
lld-link: error: libmingw32.a(gccmain.o): machine type x86 conflicts with x64
lld-link: error: libmingw32.a(tlssup.o): machine type x86 conflicts with x64
lld-link: error: libmingw32.a(pseudo-reloc.o): machine type x86 conflicts with x64
lld-link: error: libmingwex.a(fesetenv.o): machine type x86 conflicts with x64
lld-link: error: libmsvcrt.a(dzsrlbs01223.o): machine type x86 conflicts with x64
lld-link: error: libmsvcrt.a(dzsrlbs01085.o): machine type x86 conflicts with x64
lld-link: error: libmsvcrt.a(dzsrlbs00747.o): machine type x86 conflicts with x64
lld-link: error: libmsvcrt.a(dzsrlbs00683.o): machine type x86 conflicts with x64
lld-link: error: libmsvcrt.a(dzsrlbs00411.o): machine type x86 conflicts with x64
lld-link: error: libmsvcrt.a(dzsrlbs00214.o): machine type x86 conflicts with x64
lld-link: error: too many errors emitted, stopping now (use /errorlimit:0 to see all errors)
clang: error: linker command failed with exit code 1 (use -v to see invocation)


Compiling the CXX compiler identification source file "CMakeCXXCompilerId.cpp" failed.
Compiler: C:/Users/aurok/AppData/Local/Android/Sdk/ndk/22.0.7026061/toolchains/llvm/prebuilt/windows-x86_64/bin/clang++.exe 
Build flags: -g;-DANDROID;-fdata-sections;-ffunction-sections;-funwind-tables;-fstack-protector-strong;-no-canonical-prefixes;-mstackrealign;-D_FORTIFY_SOURCE=2;-Wformat;-Werror=format-security;;
Id flags:  

The output was:
1
lld-link: error: C:\MinGW\lib\crt2.o: machine type x86 conflicts with x64
lld-link: error: C:\MinGW\lib\gcc\mingw32\9.2.0\crtbegin.o: machine type x86 conflicts with x64
lld-link: error: C:\MinGW\lib\gcc\mingw32\9.2.0\crtend.o: machine type x86 conflicts with x64
lld-link: error: libmingw32.a(CRTglob.o): machine type x86 conflicts with x64
lld-link: error: libmingw32.a(setargv.o): machine type x86 conflicts with x64
lld-link: error: libmingw32.a(CRTfmode.o): machine type x86 conflicts with x64
lld-link: error: libmingw32.a(cpu_features.o): machine type x86 conflicts with x64
lld-link: error: libmingw32.a(CRT_fp10.o): machine type x86 conflicts with x64
lld-link: error: libmingw32.a(txtmode.o): machine type x86 conflicts with x64
lld-link: error: libmingw32.a(main.o): machine type x86 conflicts with x64
lld-link: error: libmingw32.a(gccmain.o): machine type x86 conflicts with x64
lld-link: error: libmingw32.a(tlssup.o): machine type x86 conflicts with x64
lld-link: error: libmingw32.a(pseudo-reloc.o): machine type x86 conflicts with x64
lld-link: error: libmingwex.a(fesetenv.o): machine type x86 conflicts with x64
lld-link: error: libmsvcrt.a(dzsrlbs01223.o): machine type x86 conflicts with x64
lld-link: error: libmsvcrt.a(dzsrlbs01085.o): machine type x86 conflicts with x64
lld-link: error: libmsvcrt.a(dzsrlbs00747.o): machine type x86 conflicts with x64
lld-link: error: libmsvcrt.a(dzsrlbs00683.o): machine type x86 conflicts with x64
lld-link: error: libmsvcrt.a(dzsrlbs00411.o): machine type x86 conflicts with x64
lld-link: error: libmsvcrt.a(dzsrlbs00214.o): machine type x86 conflicts with x64
lld-link: error: too many errors emitted, stopping now (use /errorlimit:0 to see all errors)
clang++: error: linker command failed with exit code 1 (use -v to see invocation)


